android/app/build/intermediates/manifest_merge_blame_file/debug/manifest-merger-blame-debug-report.txt
1<?xml version="1.0" encoding="utf-8"?>
2<manifest xmlns:android="http://schemas.android.com/apk/res/android"
3    package="com.easemyedu"
4    android:versionCode="1"
5    android:versionName="1.0" >
6
7    <uses-sdk
8        android:minSdkVersion="16"
8-->src\main\AndroidManifest.xml
9        android:targetSdkVersion="29" />
9-->src\main\AndroidManifest.xml
10
11    <uses-permission android:name="android.permission.INTERNET" />
11-->src\main\AndroidManifest.xml:4:5-67
11-->src\main\AndroidManifest.xml:4:22-64
12    <uses-permission android:name="android.permission.CAMERA" />
12-->src\main\AndroidManifest.xml:5:5-64
12-->src\main\AndroidManifest.xml:5:22-62
13
14    <uses-feature
14-->src\main\AndroidManifest.xml:6:5-85
15        android:name="android.hardware.camera"
15-->src\main\AndroidManifest.xml:6:19-57
16        android:required="false" />
16-->src\main\AndroidManifest.xml:6:58-82
17    <uses-feature
17-->src\main\AndroidManifest.xml:7:5-91
18        android:name="android.hardware.camera.front"
18-->src\main\AndroidManifest.xml:7:19-63
19        android:required="false" />
19-->src\main\AndroidManifest.xml:7:64-88
20
21    <uses-permission android:name="android.permission.ACCESS_WIFI_STATE" />
21-->[com.facebook.flipper:flipper:0.54.0] AndroidManifest.xml:16:5-76
21-->[com.facebook.flipper:flipper:0.54.0] AndroidManifest.xml:16:22-73
22
23    <queries>
23-->[:react-native-image-crop-picker] AndroidManifest.xml:10:5-14:15
24        <intent>
24-->[:react-native-image-crop-picker] AndroidManifest.xml:11:9-13:18
25            <action android:name="android.media.action.IMAGE_CAPTURE" />
25-->[:react-native-image-crop-picker] AndroidManifest.xml:12:13-73
25-->[:react-native-image-crop-picker] AndroidManifest.xml:12:21-70
26        </intent>
27    </queries>
28
29    <uses-permission android:name="android.permission.WRITE_EXTERNAL_STORAGE" />
29-->[:react-native-image-crop-picker] AndroidManifest.xml:16:5-81
29-->[:react-native-image-crop-picker] AndroidManifest.xml:16:22-78
30
31    <application
31-->src\main\AndroidManifest.xml:8:5-27:19
32        android:name="com.easemyedu.MainApplication"
32-->src\main\AndroidManifest.xml:9:7-38
33        android:allowBackup="false"
33-->src\main\AndroidManifest.xml:13:7-34
34        android:appComponentFactory="androidx.core.app.CoreComponentFactory"
34-->[androidx.core:core:1.1.0] AndroidManifest.xml:24:18-86
35        android:debuggable="true"
36        android:icon="@mipmap/ic_launcher"
36-->src\main\AndroidManifest.xml:11:7-41
37        android:label="@string/app_name"
37-->src\main\AndroidManifest.xml:10:7-39
38        android:roundIcon="@mipmap/ic_launcher_round"
38-->src\main\AndroidManifest.xml:12:7-52
39        android:theme="@style/AppTheme" >
39-->src\main\AndroidManifest.xml:14:7-38
40        <activity
40-->src\main\AndroidManifest.xml:15:7-25:18
41            android:name="com.easemyedu.MainActivity"
41-->src\main\AndroidManifest.xml:16:9-37
42            android:configChanges="keyboard|keyboardHidden|orientation|screenSize|uiMode"
42-->src\main\AndroidManifest.xml:18:9-86
43            android:label="@string/app_name"
43-->src\main\AndroidManifest.xml:17:9-41
44            android:launchMode="singleTask"
44-->src\main\AndroidManifest.xml:19:9-40
45            android:windowSoftInputMode="adjustResize" >
45-->src\main\AndroidManifest.xml:20:9-51
46            <intent-filter>
46-->src\main\AndroidManifest.xml:21:9-24:25
47                <action android:name="android.intent.action.MAIN" />
47-->src\main\AndroidManifest.xml:22:13-65
47-->src\main\AndroidManifest.xml:22:21-62
48
49                <category android:name="android.intent.category.LAUNCHER" />
49-->src\main\AndroidManifest.xml:23:13-73
49-->src\main\AndroidManifest.xml:23:23-70
50            </intent-filter>
51        </activity>
52        <activity android:name="com.facebook.react.devsupport.DevSettingsActivity" />
52-->src\main\AndroidManifest.xml:26:7-84
52-->src\main\AndroidManifest.xml:26:17-81
53
54        <provider
54-->[:react-native-image-crop-picker] AndroidManifest.xml:19:9-27:20
55            android:name="androidx.core.content.FileProvider"
55-->[:react-native-image-crop-picker] AndroidManifest.xml:20:13-62
56            android:authorities="com.easemyedu.provider"
56-->[:react-native-image-crop-picker] AndroidManifest.xml:21:13-60
57            android:exported="false"
57-->[:react-native-image-crop-picker] AndroidManifest.xml:22:13-37
58            android:grantUriPermissions="true" >
58-->[:react-native-image-crop-picker] AndroidManifest.xml:23:13-47
59            <meta-data
59-->[:react-native-image-crop-picker] AndroidManifest.xml:24:13-26:58
60                android:name="android.support.FILE_PROVIDER_PATHS"
60-->[:react-native-image-crop-picker] AndroidManifest.xml:25:17-67
61                android:resource="@xml/provider_paths" />
61-->[:react-native-image-crop-picker] AndroidManifest.xml:26:17-55
62        </provider>
63
64        <activity
64-->[:react-native-image-crop-picker] AndroidManifest.xml:29:9-31:72
65            android:name="com.yalantis.ucrop.UCropActivity"
65-->[:react-native-image-crop-picker] AndroidManifest.xml:30:13-60
66            android:theme="@style/Theme.AppCompat.Light.NoActionBar" />
66-->[:react-native-image-crop-picker] AndroidManifest.xml:31:13-69
67    </application>
68
69</manifest>